<?xml version="1.0" encoding="UTF-8"?>
<!-- Generated by org.testng.reporters.JUnitReportReporter -->
<testsuite skipped="0" hostname="IZDT-211" name="com.pricerule.frontend.testcases.FrontEndCitroenDealerPriceRule" tests="1" failures="0" timestamp="06 Jun 2018 13:38:04 GMT" time="22.563" errors="0">
  <testcase name="withPriceRule" time="22.563" classname="com.pricerule.frontend.testcases.FrontEndCitroenDealerPriceRule"/>
</testsuite> <!-- com.pricerule.frontend.testcases.FrontEndCitroenDealerPriceRule -->
