<?xml version="1.0" encoding="UTF-8"?>
<!-- Generated by org.testng.reporters.JUnitReportReporter -->
<testsuite skipped="0" hostname="IZDT-211" name="price.rule.testcase.EuroDatabase" tests="1" failures="0" timestamp="06 Mar 2018 02:59:39 GMT" time="0.234" errors="0">
  <testcase name="selectData" time="0.234" classname="price.rule.testcase.EuroDatabase"/>
</testsuite> <!-- price.rule.testcase.EuroDatabase -->
