<?xml version="1.0" encoding="UTF-8"?>
<!-- Generated by org.testng.reporters.JUnitReportReporter -->
<testsuite skipped="0" hostname="IZDT-211" name="scLogin.PriceRuleFrontend" tests="1" failures="0" timestamp="15 Feb 2018 13:09:55 GMT" time="27.322" errors="0">
  <testcase name="frontEnd" time="27.322" classname="scLogin.PriceRuleFrontend"/>
</testsuite> <!-- scLogin.PriceRuleFrontend -->
