<?xml version="1.0" encoding="UTF-8"?>
<!-- Generated by org.testng.reporters.JUnitReportReporter -->
<testsuite skipped="0" hostname="IZDT-211" name="testcase.AddingpriceRuleDlr" tests="4" failures="0" timestamp="20 Feb 2018 09:21:15 GMT" time="82.191" errors="0">
  <testcase name="setUp" time="22.107" classname="testcase.AddingpriceRuleDlr"/>
  <testcase name="scLogin" time="12.247" classname="testcase.AddingpriceRuleDlr"/>
  <testcase name="priceRule" time="46.710" classname="testcase.AddingpriceRuleDlr"/>
  <testcase name="tearDown" time="1.127" classname="testcase.AddingpriceRuleDlr"/>
</testsuite> <!-- testcase.AddingpriceRuleDlr -->
