<?xml version="1.0" encoding="UTF-8"?>
<!-- Generated by org.testng.reporters.JUnitReportReporter -->
<testsuite skipped="0" hostname="IZDT-211" name="com.pricerule.frontend.testcases.FrontEndInActivePriceRule" tests="4" failures="0" timestamp="16 May 2018 13:17:58 GMT" time="67.537" errors="0">
  <testcase name="expiredPriceRule" time="16.784" classname="com.pricerule.frontend.testcases.FrontEndInActivePriceRule"/>
  <testcase name="inActivePriceRule" time="19.067" classname="com.pricerule.frontend.testcases.FrontEndInActivePriceRule"/>
  <testcase name="withoutIsPrimary" time="15.779" classname="com.pricerule.frontend.testcases.FrontEndInActivePriceRule"/>
  <testcase name="deletedPriceRule" time="15.907" classname="com.pricerule.frontend.testcases.FrontEndInActivePriceRule"/>
</testsuite> <!-- com.pricerule.frontend.testcases.FrontEndInActivePriceRule -->
