<?xml version="1.0" encoding="UTF-8"?>
<!-- Generated by org.testng.reporters.JUnitReportReporter -->
<testsuite skipped="0" hostname="IZDT-211" name="com.pricerule.frontend.testcases.FrontEndRenaultDealerPriceRule" tests="5" failures="0" timestamp="06 Jun 2018 13:41:45 GMT" time="28.073" errors="0">
  <testcase name="renualtdealerinvtUrl" time="14.368" classname="com.pricerule.frontend.testcases.FrontEndRenaultDealerPriceRule"/>
  <testcase name="tradeInDiscountPriceRule" time="2.693" classname="com.pricerule.frontend.testcases.FrontEndRenaultDealerPriceRule"/>
  <testcase name="tradeInDiscountWithOutPriceRule" time="4.793" classname="com.pricerule.frontend.testcases.FrontEndRenaultDealerPriceRule"/>
  <testcase name="dealerDiscountMakePriceRule" time="3.357" classname="com.pricerule.frontend.testcases.FrontEndRenaultDealerPriceRule"/>
  <testcase name="dealerDiscountotherMakePriceRule" time="2.862" classname="com.pricerule.frontend.testcases.FrontEndRenaultDealerPriceRule"/>
</testsuite> <!-- com.pricerule.frontend.testcases.FrontEndRenaultDealerPriceRule -->
