<?xml version="1.0" encoding="UTF-8"?>
<!-- Generated by org.testng.reporters.JUnitReportReporter -->
<testsuite skipped="0" hostname="IZDT-211" name="com.pricerule.frontend.testcases.FrontEndCitroenDealerPriceRule" tests="1" failures="0" timestamp="15 May 2018 10:04:27 GMT" time="18.046" errors="0">
  <testcase name="withPriceRule" time="18.046" classname="com.pricerule.frontend.testcases.FrontEndCitroenDealerPriceRule"/>
</testsuite> <!-- com.pricerule.frontend.testcases.FrontEndCitroenDealerPriceRule -->
