<?xml version="1.0" encoding="UTF-8"?>
<!-- Generated by org.testng.reporters.JUnitReportReporter -->
<testsuite skipped="0" hostname="IZDT-211" name="com.pricerule.sc.testcases.ExpiredpriceRule" tests="6" failures="0" timestamp="06 Jun 2018 13:49:14 GMT" time="383.618" errors="0">
  <testcase name="loginSc" time="14.439" classname="com.pricerule.sc.testcases.ExpiredpriceRule"/>
  <testcase name="expiredDatePriceRule" time="145.792" classname="com.pricerule.sc.testcases.ExpiredpriceRule"/>
  <testcase name="inactivePriceRule" time="66.029" classname="com.pricerule.sc.testcases.ExpiredpriceRule"/>
  <testcase name="deletePriceRule" time="5.330" classname="com.pricerule.sc.testcases.ExpiredpriceRule"/>
  <testcase name="withouisPrimary" time="150.835" classname="com.pricerule.sc.testcases.ExpiredpriceRule"/>
  <testcase name="tearDown1" time="1.193" classname="com.pricerule.sc.testcases.ExpiredpriceRule"/>
</testsuite> <!-- com.pricerule.sc.testcases.ExpiredpriceRule -->
