<?xml version="1.0" encoding="UTF-8"?>
<!-- Generated by org.testng.reporters.JUnitReportReporter -->
<testsuite skipped="0" hostname="IZDT-211" name="com.pricerule.sc.testcases.AddingpriceRuleDlr" tests="6" failures="0" timestamp="18 May 2018 13:08:29 GMT" time="370.395" errors="0">
  <testcase name="loginSc" time="18.837" classname="com.pricerule.sc.testcases.AddingpriceRuleDlr"/>
  <testcase name="tradeinDiscount" time="11.616" classname="com.pricerule.sc.testcases.AddingpriceRuleDlr"/>
  <testcase name="dealerDiscount" time="71.959" classname="com.pricerule.sc.testcases.AddingpriceRuleDlr"/>
  <testcase name="oemDiscount" time="12.353" classname="com.pricerule.sc.testcases.AddingpriceRuleDlr"/>
  <testcase name="greenDiscount" time="249.941" classname="com.pricerule.sc.testcases.AddingpriceRuleDlr"/>
  <testcase name="tearDown" time="5.689" classname="com.pricerule.sc.testcases.AddingpriceRuleDlr"/>
</testsuite> <!-- com.pricerule.sc.testcases.AddingpriceRuleDlr -->
