<?xml version="1.0" encoding="UTF-8"?>
<!-- Generated by org.testng.reporters.JUnitReportReporter -->
<testsuite skipped="0" hostname="IZDT-211" name="com.pga.testcases.sample" tests="1" failures="0" timestamp="22 Feb 2018 10:04:06 GMT" time="2.877" errors="0">
  <testcase name="ieBrowser" time="2.877" classname="com.pga.testcases.sample"/>
</testsuite> <!-- com.pga.testcases.sample -->
