<?xml version="1.0" encoding="UTF-8"?>
<!-- Generated by org.testng.reporters.JUnitReportReporter -->
<testsuite skipped="0" hostname="IZDT-211" name="price.rule.testcase.PriceRuleFrontend" tests="4" failures="0" timestamp="27 Feb 2018 06:14:50 GMT" time="58.165" errors="0">
  <testcase name="withOutPriceRule" time="14.109" classname="price.rule.testcase.PriceRuleFrontend"/>
  <testcase name="withPriceRule" time="13.297" classname="price.rule.testcase.PriceRuleFrontend"/>
  <testcase name="MakePriceRule" time="14.700" classname="price.rule.testcase.PriceRuleFrontend"/>
  <testcase name="otherMakePriceRule" time="16.059" classname="price.rule.testcase.PriceRuleFrontend"/>
</testsuite> <!-- price.rule.testcase.PriceRuleFrontend -->
