<?xml version="1.0" encoding="UTF-8"?>
<!-- Generated by org.testng.reporters.JUnitReportReporter -->
<testsuite skipped="0" hostname="IZDT-211" name="com.pricerule.frontend.testcases.FrontEndRenaultDealerPriceRule" tests="5" failures="0" timestamp="15 May 2018 10:05:24 GMT" time="39.253" errors="0">
  <testcase name="renualtdealerinvtUrl" time="15.725" classname="com.pricerule.frontend.testcases.FrontEndRenaultDealerPriceRule"/>
  <testcase name="tradeInDiscountPriceRule" time="3.985" classname="com.pricerule.frontend.testcases.FrontEndRenaultDealerPriceRule"/>
  <testcase name="tradeInDiscountWithOutPriceRule" time="8.771" classname="com.pricerule.frontend.testcases.FrontEndRenaultDealerPriceRule"/>
  <testcase name="dealerDiscountMakePriceRule" time="5.989" classname="com.pricerule.frontend.testcases.FrontEndRenaultDealerPriceRule"/>
  <testcase name="dealerDiscountotherMakePriceRule" time="4.783" classname="com.pricerule.frontend.testcases.FrontEndRenaultDealerPriceRule"/>
</testsuite> <!-- com.pricerule.frontend.testcases.FrontEndRenaultDealerPriceRule -->
