<?xml version="1.0" encoding="UTF-8"?>
<!-- Generated by org.testng.reporters.JUnitReportReporter -->
<testsuite skipped="0" hostname="IZDT-211" name="testcase.AddingpriceRuleDlrWithReport" tests="4" failures="0" timestamp="23 Feb 2018 03:34:50 GMT" time="167.838" errors="0">
  <testcase name="setUp" time="9.453" classname="testcase.AddingpriceRuleDlrWithReport"/>
  <testcase name="scLogin" time="10.034" classname="testcase.AddingpriceRuleDlrWithReport"/>
  <testcase name="priceRule" time="146.970" classname="testcase.AddingpriceRuleDlrWithReport"/>
  <testcase name="tearDown1" time="1.381" classname="testcase.AddingpriceRuleDlrWithReport"/>
</testsuite> <!-- testcase.AddingpriceRuleDlrWithReport -->
