<?xml version="1.0" encoding="UTF-8"?>
<!-- Generated by org.testng.reporters.JUnitReportReporter -->
<testsuite skipped="0" hostname="IZDT-211" name="com.pricerule.frontend.testcases.FrontEndInActivePriceRule" tests="4" failures="0" timestamp="15 May 2018 10:07:03 GMT" time="71.287" errors="0">
  <testcase name="expiredPriceRule" time="22.131" classname="com.pricerule.frontend.testcases.FrontEndInActivePriceRule"/>
  <testcase name="inActivePriceRule" time="15.800" classname="com.pricerule.frontend.testcases.FrontEndInActivePriceRule"/>
  <testcase name="withoutIsPrimary" time="15.345" classname="com.pricerule.frontend.testcases.FrontEndInActivePriceRule"/>
  <testcase name="deletedPriceRule" time="18.011" classname="com.pricerule.frontend.testcases.FrontEndInActivePriceRule"/>
</testsuite> <!-- com.pricerule.frontend.testcases.FrontEndInActivePriceRule -->
