<?xml version="1.0" encoding="UTF-8"?>
<!-- Generated by org.testng.reporters.JUnitReportReporter -->
<testsuite skipped="0" hostname="IZDT-211" name="com.pricerule.frontend.testcases.FrontEndInActivePriceRule" tests="4" failures="0" timestamp="06 Jun 2018 14:04:02 GMT" time="65.947" errors="0">
  <testcase name="expiredPriceRule" time="16.792" classname="com.pricerule.frontend.testcases.FrontEndInActivePriceRule"/>
  <testcase name="inActivePriceRule" time="17.539" classname="com.pricerule.frontend.testcases.FrontEndInActivePriceRule"/>
  <testcase name="withoutIsPrimary" time="14.591" classname="com.pricerule.frontend.testcases.FrontEndInActivePriceRule"/>
  <testcase name="deletedPriceRule" time="17.025" classname="com.pricerule.frontend.testcases.FrontEndInActivePriceRule"/>
</testsuite> <!-- com.pricerule.frontend.testcases.FrontEndInActivePriceRule -->
