<?xml version="1.0" encoding="UTF-8"?>
<!-- Generated by org.testng.reporters.JUnitReportReporter -->
<testsuite skipped="0" hostname="IZDT-211" name="com.frontend.pages.testcases.FrontendPages" tests="5" failures="0" timestamp="14 Jun 2018 05:12:50 GMT" time="47.659" errors="0">
  <testcase name="siteUrl" time="25.522" classname="com.frontend.pages.testcases.FrontendPages"/>
  <testcase name="contentPage" time="5.434" classname="com.frontend.pages.testcases.FrontendPages"/>
  <testcase name="campaignPage" time="6.830" classname="com.frontend.pages.testcases.FrontendPages"/>
  <testcase name="specialPage" time="8.944" classname="com.frontend.pages.testcases.FrontendPages"/>
  <testcase name="tearDown" time="0.929" classname="com.frontend.pages.testcases.FrontendPages"/>
</testsuite> <!-- com.frontend.pages.testcases.FrontendPages -->
