<?xml version="1.0" encoding="UTF-8"?>
<!-- Generated by org.testng.reporters.JUnitReportReporter -->
<testsuite skipped="4" hostname="IZDT-211" name="com.pricerule.sc.testcases.ExpiredpriceRule" tests="6" failures="0" timestamp="15 May 2018 11:54:38 GMT" time="101.498" errors="0">
  <testcase name="loginSc" time="15.653" classname="com.pricerule.sc.testcases.ExpiredpriceRule"/>
  <testcase name="expiredDatePriceRule" time="85.845" classname="com.pricerule.sc.testcases.ExpiredpriceRule"/>
  <testcase name="withouisPrimary" classname="com.pricerule.sc.testcases.ExpiredpriceRule">
    <skipped/>
  </testcase> <!-- withouisPrimary -->
  <testcase name="inactivePriceRule" classname="com.pricerule.sc.testcases.ExpiredpriceRule">
    <skipped/>
  </testcase> <!-- inactivePriceRule -->
  <testcase name="tearDown1" classname="com.pricerule.sc.testcases.ExpiredpriceRule">
    <skipped/>
  </testcase> <!-- tearDown1 -->
  <testcase name="deletePriceRule" classname="com.pricerule.sc.testcases.ExpiredpriceRule">
    <skipped/>
  </testcase> <!-- deletePriceRule -->
</testsuite> <!-- com.pricerule.sc.testcases.ExpiredpriceRule -->
