<?xml version="1.0" encoding="UTF-8"?>
<!-- Generated by org.testng.reporters.JUnitReportReporter -->
<testsuite skipped="0" hostname="IZDT-211" name="com.pricerule.sc.testcases.AddingpriceRuleDlr" tests="2" failures="0" timestamp="17 May 2018 11:47:25 GMT" time="29.595" errors="0">
  <testcase name="loginSc" time="19.687" classname="com.pricerule.sc.testcases.AddingpriceRuleDlr"/>
  <testcase name="tradeinDiscount" time="9.908" classname="com.pricerule.sc.testcases.AddingpriceRuleDlr"/>
</testsuite> <!-- com.pricerule.sc.testcases.AddingpriceRuleDlr -->
