<?xml version="1.0" encoding="UTF-8"?>
<!-- Generated by org.testng.reporters.JUnitReportReporter -->
<testsuite skipped="0" hostname="IZDT-211" name="price.rule.testcase.FrontEndRenaultDealerPriceRule" tests="4" failures="0" timestamp="07 Mar 2018 07:19:38 GMT" time="191.487" errors="0">
  <testcase name="renaultwithOutPriceRule" time="49.517" classname="price.rule.testcase.FrontEndRenaultDealerPriceRule"/>
  <testcase name="withPriceRule" time="46.603" classname="price.rule.testcase.FrontEndRenaultDealerPriceRule"/>
  <testcase name="MakePriceRule" time="47.484" classname="price.rule.testcase.FrontEndRenaultDealerPriceRule"/>
  <testcase name="otherMakePriceRule" time="47.883" classname="price.rule.testcase.FrontEndRenaultDealerPriceRule"/>
</testsuite> <!-- price.rule.testcase.FrontEndRenaultDealerPriceRule -->
