<?xml version="1.0" encoding="UTF-8"?>
<!-- Generated by org.testng.reporters.JUnitReportReporter -->
<testsuite skipped="0" hostname="IZDT-211" name="com.pricerule.sc.testcases.AddingpriceRuleDlr" tests="6" failures="0" timestamp="06 Jun 2018 13:36:36 GMT" time="277.661" errors="0">
  <testcase name="loginSc" time="15.460" classname="com.pricerule.sc.testcases.AddingpriceRuleDlr"/>
  <testcase name="tradeinDiscount" time="8.712" classname="com.pricerule.sc.testcases.AddingpriceRuleDlr"/>
  <testcase name="dealerDiscount" time="64.765" classname="com.pricerule.sc.testcases.AddingpriceRuleDlr"/>
  <testcase name="oemDiscount" time="13.749" classname="com.pricerule.sc.testcases.AddingpriceRuleDlr"/>
  <testcase name="greenDiscount" time="174.058" classname="com.pricerule.sc.testcases.AddingpriceRuleDlr"/>
  <testcase name="tearDown" time="0.917" classname="com.pricerule.sc.testcases.AddingpriceRuleDlr"/>
</testsuite> <!-- com.pricerule.sc.testcases.AddingpriceRuleDlr -->
