<?xml version="1.0" encoding="UTF-8"?>
<!-- Generated by org.testng.reporters.JUnitReportReporter -->
<testsuite skipped="0" hostname="IZDT-211" name="sc.pages.testcases.ContentPage" tests="4" failures="0" timestamp="12 Jun 2018 06:07:22 GMT" time="54.041" errors="0">
  <testcase name="loginSc" time="23.756" classname="sc.pages.testcases.ContentPage"/>
  <testcase name="contentPageAdd" time="9.380" classname="sc.pages.testcases.ContentPage"/>
  <testcase name="campaignPageAdd" time="11.050" classname="sc.pages.testcases.ContentPage"/>
  <testcase name="specialPageAdd" time="9.855" classname="sc.pages.testcases.ContentPage"/>
</testsuite> <!-- sc.pages.testcases.ContentPage -->
