<?xml version="1.0" encoding="UTF-8"?>
<!-- Generated by org.testng.reporters.JUnitReportReporter -->
<testsuite skipped="0" hostname="IZDT-211" name="com.sc.pages.testcases.AddPages" tests="6" failures="0" timestamp="13 Jun 2018 13:03:24 GMT" time="124.241" errors="0">
  <testcase name="loginSc" time="23.113" classname="com.sc.pages.testcases.AddPages"/>
  <testcase name="contentPageAdd" time="11.301" classname="com.sc.pages.testcases.AddPages"/>
  <testcase name="campaignPageAdd" time="25.278" classname="com.sc.pages.testcases.AddPages"/>
  <testcase name="specialPageAdd" time="15.583" classname="com.sc.pages.testcases.AddPages"/>
  <testcase name="aboutusPageAdd" time="48.130" classname="com.sc.pages.testcases.AddPages"/>
  <testcase name="tearDown" time="0.836" classname="com.sc.pages.testcases.AddPages"/>
</testsuite> <!-- com.sc.pages.testcases.AddPages -->
