<?xml version="1.0" encoding="UTF-8"?>
<!-- Generated by org.testng.reporters.JUnitReportReporter -->
<testsuite skipped="0" hostname="IZDT-211" name="com.pricerule.frontend.testcases.FrontEndInActivePriceRule" tests="4" failures="0" timestamp="15 May 2018 11:46:15 GMT" time="88.087" errors="0">
  <testcase name="expiredPriceRule" time="18.373" classname="com.pricerule.frontend.testcases.FrontEndInActivePriceRule"/>
  <testcase name="inActivePriceRule" time="29.326" classname="com.pricerule.frontend.testcases.FrontEndInActivePriceRule"/>
  <testcase name="withoutIsPrimary" time="17.520" classname="com.pricerule.frontend.testcases.FrontEndInActivePriceRule"/>
  <testcase name="deletedPriceRule" time="22.868" classname="com.pricerule.frontend.testcases.FrontEndInActivePriceRule"/>
</testsuite> <!-- com.pricerule.frontend.testcases.FrontEndInActivePriceRule -->
