<?xml version="1.0" encoding="UTF-8"?>
<!-- Generated by org.testng.reporters.JUnitReportReporter -->
<testsuite skipped="0" hostname="IZDT-211" name="com.pricerule.sc.testcases.ExpiredpriceRule" tests="6" failures="0" timestamp="15 May 2018 11:46:15 GMT" time="252.269" errors="0">
  <testcase name="loginSc" time="15.503" classname="com.pricerule.sc.testcases.ExpiredpriceRule"/>
  <testcase name="expiredDatePriceRule" time="39.317" classname="com.pricerule.sc.testcases.ExpiredpriceRule"/>
  <testcase name="inactivePriceRule" time="21.328" classname="com.pricerule.sc.testcases.ExpiredpriceRule"/>
  <testcase name="deletePriceRule" time="5.025" classname="com.pricerule.sc.testcases.ExpiredpriceRule"/>
  <testcase name="withouisPrimary" time="169.827" classname="com.pricerule.sc.testcases.ExpiredpriceRule"/>
  <testcase name="tearDown1" time="1.269" classname="com.pricerule.sc.testcases.ExpiredpriceRule"/>
</testsuite> <!-- com.pricerule.sc.testcases.ExpiredpriceRule -->
