<?xml version="1.0" encoding="UTF-8"?>
<!-- Generated by org.testng.reporters.JUnitReportReporter -->
<testsuite skipped="0" hostname="IZDT-211" name="com.pricerule.frontend.testcases.FrontEndRenaultDealerPriceRule" tests="5" failures="0" timestamp="15 May 2018 11:46:15 GMT" time="44.258" errors="0">
  <testcase name="renualtdealerinvtUrl" time="14.652" classname="com.pricerule.frontend.testcases.FrontEndRenaultDealerPriceRule"/>
  <testcase name="tradeInDiscountPriceRule" time="4.264" classname="com.pricerule.frontend.testcases.FrontEndRenaultDealerPriceRule"/>
  <testcase name="tradeInDiscountWithOutPriceRule" time="11.561" classname="com.pricerule.frontend.testcases.FrontEndRenaultDealerPriceRule"/>
  <testcase name="dealerDiscountMakePriceRule" time="6.704" classname="com.pricerule.frontend.testcases.FrontEndRenaultDealerPriceRule"/>
  <testcase name="dealerDiscountotherMakePriceRule" time="7.077" classname="com.pricerule.frontend.testcases.FrontEndRenaultDealerPriceRule"/>
</testsuite> <!-- com.pricerule.frontend.testcases.FrontEndRenaultDealerPriceRule -->
