<?xml version="1.0" encoding="UTF-8"?>
<!-- Generated by org.testng.reporters.JUnitReportReporter -->
<testsuite skipped="6" hostname="IZDT-211" name="com.pricerule.sc.testcases.ExpiredpriceRule" tests="6" failures="0" timestamp="17 May 2018 14:08:50 GMT" time="0.000" errors="0">
  <testcase name="loginSc" time="0.000" classname="com.pricerule.sc.testcases.ExpiredpriceRule">
    <skipped/>
  </testcase> <!-- loginSc -->
  <testcase name="expiredDatePriceRule" time="0.000" classname="com.pricerule.sc.testcases.ExpiredpriceRule">
    <skipped/>
  </testcase> <!-- expiredDatePriceRule -->
  <testcase name="inactivePriceRule" time="0.000" classname="com.pricerule.sc.testcases.ExpiredpriceRule">
    <skipped/>
  </testcase> <!-- inactivePriceRule -->
  <testcase name="deletePriceRule" time="0.000" classname="com.pricerule.sc.testcases.ExpiredpriceRule">
    <skipped/>
  </testcase> <!-- deletePriceRule -->
  <testcase name="withouisPrimary" time="0.000" classname="com.pricerule.sc.testcases.ExpiredpriceRule">
    <skipped/>
  </testcase> <!-- withouisPrimary -->
  <testcase name="tearDown1" time="0.000" classname="com.pricerule.sc.testcases.ExpiredpriceRule">
    <skipped/>
  </testcase> <!-- tearDown1 -->
</testsuite> <!-- com.pricerule.sc.testcases.ExpiredpriceRule -->
