<?xml version="1.0" encoding="UTF-8"?>
<!-- Generated by org.testng.reporters.JUnitReportReporter -->
<testsuite skipped="0" hostname="IZDT-211" name="com.pricerule.frontend.testcases.FrontEndCitroenDealerPriceRule" tests="1" failures="0" timestamp="15 May 2018 11:46:15 GMT" time="19.752" errors="0">
  <testcase name="withPriceRule" time="19.752" classname="com.pricerule.frontend.testcases.FrontEndCitroenDealerPriceRule"/>
</testsuite> <!-- com.pricerule.frontend.testcases.FrontEndCitroenDealerPriceRule -->
