<?xml version="1.0" encoding="UTF-8"?>
<!-- Generated by org.testng.reporters.JUnitReportReporter -->
<testsuite skipped="5" hostname="IZDT-211" name="com.pricerule.frontend.testcases.FrontEndRenaultDealerPriceRule" tests="5" failures="0" timestamp="17 May 2018 14:08:50 GMT" time="0.000" errors="0">
  <testcase name="renualtdealerinvtUrl" time="0.000" classname="com.pricerule.frontend.testcases.FrontEndRenaultDealerPriceRule">
    <skipped/>
  </testcase> <!-- renualtdealerinvtUrl -->
  <testcase name="tradeInDiscountPriceRule" time="0.000" classname="com.pricerule.frontend.testcases.FrontEndRenaultDealerPriceRule">
    <skipped/>
  </testcase> <!-- tradeInDiscountPriceRule -->
  <testcase name="tradeInDiscountWithOutPriceRule" time="0.000" classname="com.pricerule.frontend.testcases.FrontEndRenaultDealerPriceRule">
    <skipped/>
  </testcase> <!-- tradeInDiscountWithOutPriceRule -->
  <testcase name="dealerDiscountMakePriceRule" time="0.000" classname="com.pricerule.frontend.testcases.FrontEndRenaultDealerPriceRule">
    <skipped/>
  </testcase> <!-- dealerDiscountMakePriceRule -->
  <testcase name="dealerDiscountotherMakePriceRule" time="0.000" classname="com.pricerule.frontend.testcases.FrontEndRenaultDealerPriceRule">
    <skipped/>
  </testcase> <!-- dealerDiscountotherMakePriceRule -->
</testsuite> <!-- com.pricerule.frontend.testcases.FrontEndRenaultDealerPriceRule -->
