<?xml version="1.0" encoding="UTF-8"?>
<!-- Generated by org.testng.reporters.JUnitReportReporter -->
<testsuite skipped="4" hostname="IZDT-211" name="com.pricerule.frontend.testcases.FrontEndInActivePriceRule" tests="4" failures="0" timestamp="17 May 2018 14:08:50 GMT" time="0.000" errors="0">
  <testcase name="expiredPriceRule" time="0.000" classname="com.pricerule.frontend.testcases.FrontEndInActivePriceRule">
    <skipped/>
  </testcase> <!-- expiredPriceRule -->
  <testcase name="inActivePriceRule" time="0.000" classname="com.pricerule.frontend.testcases.FrontEndInActivePriceRule">
    <skipped/>
  </testcase> <!-- inActivePriceRule -->
  <testcase name="withoutIsPrimary" time="0.000" classname="com.pricerule.frontend.testcases.FrontEndInActivePriceRule">
    <skipped/>
  </testcase> <!-- withoutIsPrimary -->
  <testcase name="deletedPriceRule" time="0.000" classname="com.pricerule.frontend.testcases.FrontEndInActivePriceRule">
    <skipped/>
  </testcase> <!-- deletedPriceRule -->
</testsuite> <!-- com.pricerule.frontend.testcases.FrontEndInActivePriceRule -->
